\BOOKMARK [0][-]{chapter*.5}{\332vod}{}% 1
\BOOKMARK [1][-]{section*.6}{Lidstvo a informace}{chapter*.5}% 2
\BOOKMARK [1][-]{section*.9}{Doporucovac\355 syst\351my}{chapter*.5}% 3
\BOOKMARK [1][-]{section*.11}{Motivace}{chapter*.5}% 4
\BOOKMARK [1][-]{section*.12}{C\355le pr\341ce}{chapter*.5}% 5
\BOOKMARK [1][-]{section*.13}{Struktura pr\341ce}{chapter*.5}% 6
\BOOKMARK [0][-]{chapter.1}{Aktu\341ln\355 stav na poli doporucov\341n\355}{}% 7
\BOOKMARK [1][-]{section.1.1}{Pr\355klady syst\351mu}{chapter.1}% 8
\BOOKMARK [1][-]{section.1.2}{Shrnut\355 poznatku}{chapter.1}% 9
\BOOKMARK [0][-]{chapter.2}{Anal\375za a n\341vrh re\235en\355}{}% 10
\BOOKMARK [1][-]{section.2.1}{Po\236adavky}{chapter.2}% 11
\BOOKMARK [1][-]{section.2.2}{Adaptibiln\355 syst\351m}{chapter.2}% 12
\BOOKMARK [1][-]{section.2.3}{Architektura syst\351mu}{chapter.2}% 13
\BOOKMARK [1][-]{section.2.4}{Sada algoritmu}{chapter.2}% 14
\BOOKMARK [1][-]{section.2.5}{Rozhran\355}{chapter.2}% 15
\BOOKMARK [1][-]{section.2.6}{Form\341t vymenovan\375ch zpr\341v}{chapter.2}% 16
\BOOKMARK [0][-]{chapter.3}{Adaptibiln\355 syst\351m}{}% 17
\BOOKMARK [1][-]{section.3.1}{Strojov\351 ucen\355}{chapter.3}% 18
\BOOKMARK [1][-]{section.3.2}{Multi-armed Bandit algoritmus}{chapter.3}% 19
\BOOKMARK [1][-]{section.3.3}{Bayesian Bandits}{chapter.3}% 20
\BOOKMARK [1][-]{section.3.4}{Nezbytn\351 z\341klady z teorie pravdepodobnosti}{chapter.3}% 21
\BOOKMARK [0][-]{chapter.4}{Realizace}{}% 22
\BOOKMARK [1][-]{section.4.1}{Principy a technologie}{chapter.4}% 23
\BOOKMARK [1][-]{section.4.2}{Popis implementace}{chapter.4}% 24
\BOOKMARK [1][-]{section.4.3}{Server}{chapter.4}% 25
\BOOKMARK [1][-]{section.4.4}{Klient}{chapter.4}% 26
\BOOKMARK [1][-]{section.4.5}{Sada algoritmu}{chapter.4}% 27
\BOOKMARK [1][-]{section.4.6}{N\341vrh komunikace}{chapter.4}% 28
\BOOKMARK [0][-]{chapter.5}{Experimenty a vyhodnocen\355}{}% 29
\BOOKMARK [1][-]{section.5.1}{Testov\341n\355 ruzn\375ch zpusobu chov\341n\355}{chapter.5}% 30
\BOOKMARK [1][-]{section.5.2}{Experimenty}{chapter.5}% 31
\BOOKMARK [1][-]{section.5.3}{Zhodnocen\355 aplikace}{chapter.5}% 32
\BOOKMARK [1][-]{section.5.4}{Budouc\355 pr\341ce}{chapter.5}% 33
\BOOKMARK [0][-]{chapter*.14}{Z\341ver}{}% 34
\BOOKMARK [0][-]{section*.16}{Literatura}{}% 35
\BOOKMARK [0][-]{appendix.A}{Seznam pou\236it\375ch zkratek}{}% 36
\BOOKMARK [0][-]{appendix.B}{Obsah prilo\236en\351ho CD}{}% 37
